This is pdfTeX, Version 3.1415926-2.5-1.40.14 (MiKTeX 2.9) (preloaded format=pdflatex 2014.5.20)  13 JUN 2017 16:57
entering extended mode
**3.estimate_pi0x_Scott_empirical.tex

("C:\Users\smb310\Documents\Research\FDR regression\Simulations - independent -
 revision - 10000\3.estimate_pi0x_Scott_empirical.tex"
LaTeX2e <2011/06/27>
Babel <v3.8m> and hyphenation patterns for english, afrikaans, ancientgreek, ar
abic, armenian, assamese, basque, bengali, bokmal, bulgarian, catalan, coptic, 
croatian, czech, danish, dutch, esperanto, estonian, farsi, finnish, french, ga
lician, german, german-x-2013-05-26, greek, gujarati, hindi, hungarian, iceland
ic, indonesian, interlingua, irish, italian, kannada, kurmanji, latin, latvian,
 lithuanian, malayalam, marathi, mongolian, mongolianlmc, monogreek, ngerman, n
german-x-2013-05-26, nynorsk, oriya, panjabi, pinyin, polish, portuguese, roman
ian, russian, sanskrit, serbian, slovak, slovenian, spanish, swedish, swissgerm
an, tamil, telugu, turkish, turkmen, ukenglish, ukrainian, uppersorbian, usengl
ishmax, welsh, loaded.
("C:\Program Files (x86)\MiKTeX 2.9\tex\latex\base\article.cls"
Document Class: article 2007/10/19 v1.4h Standard LaTeX document class
("C:\Program Files (x86)\MiKTeX 2.9\tex\latex\base\size10.clo"
File: size10.clo 2007/10/19 v1.4h Standard LaTeX file (size option)
)
\c@part=\count79
\c@section=\count80
\c@subsection=\count81
\c@subsubsection=\count82
\c@paragraph=\count83
\c@subparagraph=\count84
\c@figure=\count85
\c@table=\count86
\abovecaptionskip=\skip41
\belowcaptionskip=\skip42
\bibindent=\dimen102
)
("C:\Program Files (x86)\MiKTeX 2.9\tex\latex\graphics\graphicx.sty"
Package: graphicx 1999/02/16 v1.0f Enhanced LaTeX Graphics (DPC,SPQR)

("C:\Program Files (x86)\MiKTeX 2.9\tex\latex\graphics\keyval.sty"
Package: keyval 1999/03/16 v1.13 key=value parser (DPC)
\KV@toks@=\toks14
)
("C:\Program Files (x86)\MiKTeX 2.9\tex\latex\graphics\graphics.sty"
Package: graphics 2009/02/05 v1.0o Standard LaTeX Graphics (DPC,SPQR)

("C:\Program Files (x86)\MiKTeX 2.9\tex\latex\graphics\trig.sty"
Package: trig 1999/03/16 v1.09 sin cos tan (DPC)
)
("C:\Program Files (x86)\MiKTeX 2.9\tex\latex\00miktex\graphics.cfg"
File: graphics.cfg 2007/01/18 v1.5 graphics configuration of teTeX/TeXLive
)
Package graphics Info: Driver file: pdftex.def on input line 91.

("C:\Program Files (x86)\MiKTeX 2.9\tex\latex\pdftex-def\pdftex.def"
File: pdftex.def 2011/05/27 v0.06d Graphics/color for pdfTeX

("C:\Program Files (x86)\MiKTeX 2.9\tex\generic\oberdiek\infwarerr.sty"
Package: infwarerr 2010/04/08 v1.3 Providing info/warning/error messages (HO)
)
("C:\Program Files (x86)\MiKTeX 2.9\tex\generic\oberdiek\ltxcmds.sty"
Package: ltxcmds 2011/11/09 v1.22 LaTeX kernel commands for general use (HO)
)
\Gread@gobject=\count87
))
\Gin@req@height=\dimen103
\Gin@req@width=\dimen104
)
("C:\Program Files (x86)\MiKTeX 2.9\tex\latex\graphics\color.sty"
Package: color 2005/11/14 v1.0j Standard LaTeX Color (DPC)

("C:\Program Files (x86)\MiKTeX 2.9\tex\latex\00miktex\color.cfg"
File: color.cfg 2007/01/18 v1.5 color configuration of teTeX/TeXLive
)
Package color Info: Driver file: pdftex.def on input line 130.
)
("C:\Program Files (x86)\MiKTeX 2.9\tex\latex\framed\framed.sty"
Package: framed 2011/10/22 v 0.96: framed or shaded text with page breaks
\OuterFrameSep=\skip43
\fb@frw=\dimen105
\fb@frh=\dimen106
\FrameRule=\dimen107
\FrameSep=\dimen108
)
("C:\Program Files (x86)\MiKTeX 2.9\tex\latex\base\alltt.sty"
Package: alltt 1997/06/16 v2.0g defines alltt environment
)
("C:\Program Files (x86)\MiKTeX 2.9\tex\latex\upquote\upquote.sty"
Package: upquote 2012/04/19 v1.3 upright-quote and grave-accent glyphs in verba
tim
)
("C:\Users\smb310\Documents\Research\FDR regression\Simulations - independent -
 revision - 10000\3.estimate_pi0x_Scott_empirical.aux")
LaTeX Font Info:    Checking defaults for OML/cmm/m/it on input line 53.
LaTeX Font Info:    ... okay on input line 53.
LaTeX Font Info:    Checking defaults for T1/cmr/m/n on input line 53.
LaTeX Font Info:    ... okay on input line 53.
LaTeX Font Info:    Checking defaults for OT1/cmr/m/n on input line 53.
LaTeX Font Info:    ... okay on input line 53.
LaTeX Font Info:    Checking defaults for OMS/cmsy/m/n on input line 53.
LaTeX Font Info:    ... okay on input line 53.
LaTeX Font Info:    Checking defaults for OMX/cmex/m/n on input line 53.
LaTeX Font Info:    ... okay on input line 53.
LaTeX Font Info:    Checking defaults for U/cmr/m/n on input line 53.
LaTeX Font Info:    ... okay on input line 53.

("C:\Program Files (x86)\MiKTeX 2.9\tex\context\base\supp-pdf.mkii"
[Loading MPS to PDF converter (version 2006.09.02).]
\scratchcounter=\count88
\scratchdimen=\dimen109
\scratchbox=\box26
\nofMPsegments=\count89
\nofMParguments=\count90
\everyMPshowfont=\toks15
\MPscratchCnt=\count91
\MPscratchDim=\dimen110
\MPnumerator=\count92
\makeMPintoPDFobject=\count93
\everyMPtoPDFconversion=\toks16
)
Package color Info: Redefining color shadecolor on input line 58.
LaTeX Font Info:    Font shape `OT1/cmtt/bx/n' in size <10> not available
(Font)              Font shape `OT1/cmtt/m/n' tried instead on input line 61.

Overfull \hbox (55.73264pt too wide) in paragraph at lines 95--95
[][]\OT1/cmtt/m/n/10 library[][](foreach)[] []\OT1/cmtt/m/it/10 ##to use foreac
h function that does the parallel processing[][] 
 []


Overfull \hbox (24.23291pt too wide) in paragraph at lines 96--96
[][]\OT1/cmtt/m/n/10 library[][](doRNG)[] []\OT1/cmtt/m/it/10 ##for reproducibl
e seeds when doing parallel processing[][] 
 []

Package color Info: Redefining color shadecolor on input line 125.
[1

{C:/Users/smb310/AppData/Local/MiKTeX/2.9/pdftex/config/pdftex.map}]
Package color Info: Redefining color shadecolor on input line 134.
Package color Info: Redefining color shadecolor on input line 150.
LaTeX Font Info:    Try loading font information for OMS+cmtt on input line 153
.

(C:/PROGRA~1/R/R-33~1.1/share/texmf/tex/latex\omscmtt.fd
File: omscmtt.fd 
)
LaTeX Font Info:    Font shape `OMS/cmtt/m/n' in size <10> not available
(Font)              Font shape `OMS/cmsy/m/n' tried instead on input line 153.

Overfull \hbox (27.74675pt too wide) in paragraph at lines 159--159
[]  []\OT1/cmtt/m/n/10 pi0hatScottMat_emp[] []<-[] []estimate_Scott_sims[][](zV
aluesSims, tme, nulltype)[][] 
 []


Overfull \hbox (32.9967pt too wide) in paragraph at lines 168--168
[]  []\OT1/cmtt/m/n/10 save[][]([][]file[][]=[][]paste[][](alt,[][]"simResults_
pi0x_Scott_emp_1_full.RData"[][],[][]sep[][]=[][]"/"[][]),[][] 
 []


Overfull \hbox (6.74693pt too wide) in paragraph at lines 172--172
[]  []\OT1/cmtt/m/n/10 save[][]([][]file[][]=[][]paste[][](alt,[][]"simResults_
pi0x_Scott_emp_1.RData"[][],[][]sep[][]=[][]"/"[][]),[][] 
 []


Overfull \hbox (6.74693pt too wide) in paragraph at lines 183--184
[]\OT1/cmtt/m/n/10 ## Warning in apply(as.matrix(pi0hatScottMat), 2, as.numeric
): NAs
 []


Overfull \hbox (6.74693pt too wide) in paragraph at lines 185--186
[]\OT1/cmtt/m/n/10 ## Warning in apply(as.matrix(pi0hatScottMat), 2, as.numeric
): NAs
 []


Overfull \hbox (6.74693pt too wide) in paragraph at lines 187--188
[]\OT1/cmtt/m/n/10 ## Warning in apply(as.matrix(pi0hatScottMat), 2, as.numeric
): NAs
 []


Overfull \hbox (6.74693pt too wide) in paragraph at lines 189--190
[]\OT1/cmtt/m/n/10 ## Warning in apply(as.matrix(pi0hatScottMat), 2, as.numeric
): NAs
 []


Overfull \hbox (6.74693pt too wide) in paragraph at lines 191--192
[]\OT1/cmtt/m/n/10 ## Warning in apply(as.matrix(pi0hatScottMat), 2, as.numeric
): NAs
 []


Overfull \hbox (6.74693pt too wide) in paragraph at lines 193--194
[]\OT1/cmtt/m/n/10 ## Warning in apply(as.matrix(pi0hatScottMat), 2, as.numeric
): NAs
 []


Overfull \hbox (6.74693pt too wide) in paragraph at lines 195--196
[]\OT1/cmtt/m/n/10 ## Warning in apply(as.matrix(pi0hatScottMat), 2, as.numeric
): NAs
 []


Overfull \hbox (6.74693pt too wide) in paragraph at lines 197--198
[]\OT1/cmtt/m/n/10 ## Warning in apply(as.matrix(pi0hatScottMat), 2, as.numeric
): NAs
 []


Overfull \hbox (11.99689pt too wide) in paragraph at lines 199--199
[]\OT1/cmtt/m/n/10 ## Error in apply(as.matrix(pi0hatScottMat), 2, as.numeric):
 (list)
 []

[2]
Package color Info: Redefining color shadecolor on input line 207.

Overfull \hbox (59.24648pt too wide) in paragraph at lines 218--218
[]  []\OT1/cmtt/m/n/10 pi0hatScottMat_empFitLin[] []<-[] []estimate_Scott_sims[
][](zValuesSims, tme, nulltype)[][] 
 []


Overfull \hbox (38.24666pt too wide) in paragraph at lines 220--220
[]  []\OT1/cmtt/m/n/10 pi0hatLin.ScottMean_emp[] []<-[] []colMeans[][](pi0hatSc
ottMat_empFitLin[,[][]1[][]:[][]ntest])[][] 
 []


Overfull \hbox (48.74657pt too wide) in paragraph at lines 221--221
[]  []\OT1/cmtt/m/n/10 pi0hatLin.ScottVar_emp[] []<-[] []apply[][](pi0hatScottM
at_empFitLin[,[][]1[][]:[][]ntest],[][]2[][],var)[][] 
 []


Overfull \hbox (32.9967pt too wide) in paragraph at lines 224--224
[]  []\OT1/cmtt/m/n/10 FDR.Lin.ScottMat_emp[] []<-[] []pi0hatScottMat_empFitLin
[,(ntest[][]+[][]1[][])[][]:[][]([][]2[][]*[][]ntest)][][] 
 []


Overfull \hbox (90.7462pt too wide) in paragraph at lines 230--230
[]  []\OT1/cmtt/m/n/10 pi0hatScottMat_empFitSpl[] []<-[] []estimate_Scott_sims[
][](zValuesSims, splineMat, nulltype)[][] 
 []


Overfull \hbox (38.24666pt too wide) in paragraph at lines 232--232
[]  []\OT1/cmtt/m/n/10 pi0hatSpl.ScottMean_emp[] []<-[] []colMeans[][](pi0hatSc
ottMat_empFitSpl[,[][]1[][]:[][]ntest])[][] 
 []


Overfull \hbox (48.74657pt too wide) in paragraph at lines 233--233
[]  []\OT1/cmtt/m/n/10 pi0hatSpl.ScottVar_emp[] []<-[] []apply[][](pi0hatScottM
at_empFitSpl[,[][]1[][]:[][]ntest],[][]2[][],var)[][] 
 []


Overfull \hbox (32.9967pt too wide) in paragraph at lines 236--236
[]  []\OT1/cmtt/m/n/10 FDR.Spl.ScottMat_emp[] []<-[] []pi0hatScottMat_empFitSpl
[,(ntest[][]+[][]1[][])[][]:[][]([][]2[][]*[][]ntest)][][] 
 []


Overfull \hbox (32.9967pt too wide) in paragraph at lines 239--239
[]  []\OT1/cmtt/m/n/10 save[][]([][]file[][]=[][]paste[][](alt,[][]"simResults_
pi0x_Scott_emp_2_full.RData"[][],[][]sep[][]=[][]"/"[][]),[][] 
 []


Overfull \hbox (6.74693pt too wide) in paragraph at lines 244--244
[]  []\OT1/cmtt/m/n/10 save[][]([][]file[][]=[][]paste[][](alt,[][]"simResults_
pi0x_Scott_emp_2.RData"[][],[][]sep[][]=[][]"/"[][]),[][] 
 []


Overfull \hbox (1.49698pt too wide) in paragraph at lines 246--246
[]              []\OT1/cmtt/m/n/10 "pi0hatLin.ScottMean_emp"[][],[] []"pi0hatLi
n.ScottVar_emp"[][],[][] 
 []


Overfull \hbox (6.74693pt too wide) in paragraph at lines 247--247
[]              []\OT1/cmtt/m/n/10 "pi0hatSpl.ScottMean_emp"[][],[] []"pi0hatSp
l.ScottVar_emp"[][]))[][] 
 []


Overfull \hbox (6.74693pt too wide) in paragraph at lines 259--260
[]\OT1/cmtt/m/n/10 ## Warning in apply(as.matrix(pi0hatScottMat), 2, as.numeric
): NAs
 []


Overfull \hbox (6.74693pt too wide) in paragraph at lines 261--262
[]\OT1/cmtt/m/n/10 ## Warning in apply(as.matrix(pi0hatScottMat), 2, as.numeric
): NAs
 []


Overfull \hbox (6.74693pt too wide) in paragraph at lines 263--264
[]\OT1/cmtt/m/n/10 ## Warning in apply(as.matrix(pi0hatScottMat), 2, as.numeric
): NAs
 []


Overfull \hbox (6.74693pt too wide) in paragraph at lines 265--266
[]\OT1/cmtt/m/n/10 ## Warning in apply(as.matrix(pi0hatScottMat), 2, as.numeric
): NAs
 []


Overfull \hbox (6.74693pt too wide) in paragraph at lines 267--268
[]\OT1/cmtt/m/n/10 ## Warning in apply(as.matrix(pi0hatScottMat), 2, as.numeric
): NAs
 []


Overfull \hbox (6.74693pt too wide) in paragraph at lines 269--270
[]\OT1/cmtt/m/n/10 ## Warning in apply(as.matrix(pi0hatScottMat), 2, as.numeric
): NAs
 []


Overfull \hbox (6.74693pt too wide) in paragraph at lines 271--272
[]\OT1/cmtt/m/n/10 ## Warning in apply(as.matrix(pi0hatScottMat), 2, as.numeric
): NAs
 []


Overfull \hbox (11.99689pt too wide) in paragraph at lines 273--273
[]\OT1/cmtt/m/n/10 ## Error in apply(as.matrix(pi0hatScottMat), 2, as.numeric):
 (list)
 []

[3]
Package color Info: Redefining color shadecolor on input line 281.
 [4]
Overfull \hbox (90.7462pt too wide) in paragraph at lines 297--297
[]  []\OT1/cmtt/m/n/10 pi0hatScottMat_empFitLin[] []<-[] []estimate_Scott_sims[
][](zValuesSims, linearMat, nulltype)[][] 
 []


Overfull \hbox (38.24666pt too wide) in paragraph at lines 299--299
[]  []\OT1/cmtt/m/n/10 pi0hatLin.ScottMean_emp[] []<-[] []colMeans[][](pi0hatSc
ottMat_empFitLin[,[][]1[][]:[][]ntest])[][] 
 []


Overfull \hbox (48.74657pt too wide) in paragraph at lines 300--300
[]  []\OT1/cmtt/m/n/10 pi0hatLin.ScottVar_emp[] []<-[] []apply[][](pi0hatScottM
at_empFitLin[,[][]1[][]:[][]ntest],[][]2[][],var)[][] 
 []


Overfull \hbox (32.9967pt too wide) in paragraph at lines 303--303
[]  []\OT1/cmtt/m/n/10 FDR.Lin.ScottMat_emp[] []<-[] []pi0hatScottMat_empFitLin
[,(ntest[][]+[][]1[][])[][]:[][]([][]2[][]*[][]ntest)][][] 
 []


Overfull \hbox (90.7462pt too wide) in paragraph at lines 307--307
[]  []\OT1/cmtt/m/n/10 pi0hatScottMat_empFitSpl[] []<-[] []estimate_Scott_sims[
][](zValuesSims, splineMat, nulltype)[][] 
 []


Overfull \hbox (38.24666pt too wide) in paragraph at lines 309--309
[]  []\OT1/cmtt/m/n/10 pi0hatSpl.ScottMean_emp[] []<-[] []colMeans[][](pi0hatSc
ottMat_empFitSpl[,[][]1[][]:[][]ntest])[][] 
 []


Overfull \hbox (48.74657pt too wide) in paragraph at lines 310--310
[]  []\OT1/cmtt/m/n/10 pi0hatSpl.ScottVar_emp[] []<-[] []apply[][](pi0hatScottM
at_empFitSpl[,[][]1[][]:[][]ntest],[][]2[][],var)[][] 
 []


Overfull \hbox (32.9967pt too wide) in paragraph at lines 313--313
[]  []\OT1/cmtt/m/n/10 FDR.Spl.ScottMat_emp[] []<-[] []pi0hatScottMat_empFitSpl
[,(ntest[][]+[][]1[][])[][]:[][]([][]2[][]*[][]ntest)][][] 
 []


Overfull \hbox (32.9967pt too wide) in paragraph at lines 316--316
[]  []\OT1/cmtt/m/n/10 save[][]([][]file[][]=[][]paste[][](alt,[][]"simResults_
pi0x_Scott_emp_3_full.RData"[][],[][]sep[][]=[][]"/"[][]),[][] 
 []


Overfull \hbox (6.74693pt too wide) in paragraph at lines 321--321
[]  []\OT1/cmtt/m/n/10 save[][]([][]file[][]=[][]paste[][](alt,[][]"simResults_
pi0x_Scott_emp_3.RData"[][],[][]sep[][]=[][]"/"[][]),[][] 
 []


Overfull \hbox (1.49698pt too wide) in paragraph at lines 323--323
[]              []\OT1/cmtt/m/n/10 "pi0hatLin.ScottMean_emp"[][],[] []"pi0hatLi
n.ScottVar_emp"[][],[][] 
 []


Overfull \hbox (6.74693pt too wide) in paragraph at lines 324--324
[]              []\OT1/cmtt/m/n/10 "pi0hatSpl.ScottMean_emp"[][],[] []"pi0hatSp
l.ScottVar_emp"[][]))[][] 
 []


Overfull \hbox (6.74693pt too wide) in paragraph at lines 339--340
[]\OT1/cmtt/m/n/10 ## Warning in apply(as.matrix(pi0hatScottMat), 2, as.numeric
): NAs
 []


Overfull \hbox (6.74693pt too wide) in paragraph at lines 341--342
[]\OT1/cmtt/m/n/10 ## Warning in apply(as.matrix(pi0hatScottMat), 2, as.numeric
): NAs
 []


Overfull \hbox (6.74693pt too wide) in paragraph at lines 343--344
[]\OT1/cmtt/m/n/10 ## Warning in apply(as.matrix(pi0hatScottMat), 2, as.numeric
): NAs
 []


Overfull \hbox (6.74693pt too wide) in paragraph at lines 345--346
[]\OT1/cmtt/m/n/10 ## Warning in apply(as.matrix(pi0hatScottMat), 2, as.numeric
): NAs
 []


Overfull \hbox (6.74693pt too wide) in paragraph at lines 347--348
[]\OT1/cmtt/m/n/10 ## Warning in apply(as.matrix(pi0hatScottMat), 2, as.numeric
): NAs
 []


Overfull \hbox (6.74693pt too wide) in paragraph at lines 349--350
[]\OT1/cmtt/m/n/10 ## Warning in apply(as.matrix(pi0hatScottMat), 2, as.numeric
): NAs
 []


Overfull \hbox (6.74693pt too wide) in paragraph at lines 351--352
[]\OT1/cmtt/m/n/10 ## Warning in apply(as.matrix(pi0hatScottMat), 2, as.numeric
): NAs
 []


Overfull \hbox (6.74693pt too wide) in paragraph at lines 353--354
[]\OT1/cmtt/m/n/10 ## Warning in apply(as.matrix(pi0hatScottMat), 2, as.numeric
): NAs
 []


Overfull \hbox (6.74693pt too wide) in paragraph at lines 355--356
[]\OT1/cmtt/m/n/10 ## Warning in apply(as.matrix(pi0hatScottMat), 2, as.numeric
): NAs
 []


Overfull \hbox (6.74693pt too wide) in paragraph at lines 357--358
[]\OT1/cmtt/m/n/10 ## Warning in apply(as.matrix(pi0hatScottMat), 2, as.numeric
): NAs
 []


Overfull \hbox (11.99689pt too wide) in paragraph at lines 359--359
[]\OT1/cmtt/m/n/10 ## Error in apply(as.matrix(pi0hatScottMat), 2, as.numeric):
 (list)
 []

[5]
Package color Info: Redefining color shadecolor on input line 367.
 [6]
Overfull \hbox (90.7462pt too wide) in paragraph at lines 383--383
[]  []\OT1/cmtt/m/n/10 pi0hatScottMat_empFitLin[] []<-[] []estimate_Scott_sims[
][](zValuesSims, linearMat, nulltype)[][] 
 []


Overfull \hbox (181.73154pt too wide) in paragraph at lines 385--385
[]  []\OT1/cmtt/m/it/10 ##if only have 2 columns, make everything NULL (this me
ans there was an error in every simulation)[][] 
 []


Overfull \hbox (48.74657pt too wide) in paragraph at lines 388--388
[]    []\OT1/cmtt/m/n/10 pi0hatLin.ScottMean_emp[] []<-[] []colMeans[][](pi0hat
ScottMat_empFitLin[,[][]1[][]:[][]ntest])[][] 
 []


Overfull \hbox (59.24648pt too wide) in paragraph at lines 389--389
[]    []\OT1/cmtt/m/n/10 pi0hatLin.ScottVar_emp[] []<-[] []apply[][](pi0hatScot
tMat_empFitLin[,[][]1[][]:[][]ntest],[][]2[][],var)[][] 
 []


Overfull \hbox (43.49661pt too wide) in paragraph at lines 392--392
[]    []\OT1/cmtt/m/n/10 FDR.Lin.ScottMat_emp[] []<-[] []pi0hatScottMat_empFitL
in[,(ntest[][]+[][]1[][])[][]:[][]([][]2[][]*[][]ntest)][][] 
 []


Overfull \hbox (90.7462pt too wide) in paragraph at lines 400--400
[]  []\OT1/cmtt/m/n/10 pi0hatScottMat_empFitSpl[] []<-[] []estimate_Scott_sims[
][](zValuesSims, splineMat, nulltype)[][] 
 []


Overfull \hbox (181.73154pt too wide) in paragraph at lines 402--402
[]  []\OT1/cmtt/m/it/10 ##if only have 2 columns, make everything NULL (this me
ans there was an error in every simulation)[][] 
 []


Overfull \hbox (48.74657pt too wide) in paragraph at lines 405--405
[]    []\OT1/cmtt/m/n/10 pi0hatSpl.ScottMean_emp[] []<-[] []colMeans[][](pi0hat
ScottMat_empFitSpl[,[][]1[][]:[][]ntest])[][] 
 []


Overfull \hbox (59.24648pt too wide) in paragraph at lines 406--406
[]    []\OT1/cmtt/m/n/10 pi0hatSpl.ScottVar_emp[] []<-[] []apply[][](pi0hatScot
tMat_empFitSpl[,[][]1[][]:[][]ntest],[][]2[][],var)[][] 
 []


Overfull \hbox (43.49661pt too wide) in paragraph at lines 409--409
[]    []\OT1/cmtt/m/n/10 FDR.Spl.ScottMat_emp[] []<-[] []pi0hatScottMat_empFitS
pl[,(ntest[][]+[][]1[][])[][]:[][]([][]2[][]*[][]ntest)][][] 
 []


Overfull \hbox (32.9967pt too wide) in paragraph at lines 416--416
[]  []\OT1/cmtt/m/n/10 save[][]([][]file[][]=[][]paste[][](alt,[][]"simResults_
pi0x_Scott_emp_4_full.RData"[][],[][]sep[][]=[][]"/"[][]),[][] 
 []


Overfull \hbox (6.74693pt too wide) in paragraph at lines 421--421
[]  []\OT1/cmtt/m/n/10 save[][]([][]file[][]=[][]paste[][](alt,[][]"simResults_
pi0x_Scott_emp_4.RData"[][],[][]sep[][]=[][]"/"[][]),[][] 
 []


Overfull \hbox (1.49698pt too wide) in paragraph at lines 423--423
[]              []\OT1/cmtt/m/n/10 "pi0hatLin.ScottMean_emp"[][],[] []"pi0hatLi
n.ScottVar_emp"[][],[][] 
 []


Overfull \hbox (6.74693pt too wide) in paragraph at lines 424--424
[]              []\OT1/cmtt/m/n/10 "pi0hatSpl.ScottMean_emp"[][],[] []"pi0hatSp
l.ScottVar_emp"[][]))[][] 
 []


Overfull \hbox (6.74693pt too wide) in paragraph at lines 436--437
[]\OT1/cmtt/m/n/10 ## Warning in apply(as.matrix(pi0hatScottMat), 2, as.numeric
): NAs
 []


Overfull \hbox (6.74693pt too wide) in paragraph at lines 438--439
[]\OT1/cmtt/m/n/10 ## Warning in apply(as.matrix(pi0hatScottMat), 2, as.numeric
): NAs
 []


Overfull \hbox (6.74693pt too wide) in paragraph at lines 440--441
[]\OT1/cmtt/m/n/10 ## Warning in apply(as.matrix(pi0hatScottMat), 2, as.numeric
): NAs
 []


Overfull \hbox (6.74693pt too wide) in paragraph at lines 442--443
[]\OT1/cmtt/m/n/10 ## Warning in apply(as.matrix(pi0hatScottMat), 2, as.numeric
): NAs
 []


Overfull \hbox (6.74693pt too wide) in paragraph at lines 444--445
[]\OT1/cmtt/m/n/10 ## Warning in apply(as.matrix(pi0hatScottMat), 2, as.numeric
): NAs
 []


Overfull \hbox (6.74693pt too wide) in paragraph at lines 446--447
[]\OT1/cmtt/m/n/10 ## Warning in apply(as.matrix(pi0hatScottMat), 2, as.numeric
): NAs
 []


Overfull \hbox (6.74693pt too wide) in paragraph at lines 448--449
[]\OT1/cmtt/m/n/10 ## Warning in apply(as.matrix(pi0hatScottMat), 2, as.numeric
): NAs
 []


Overfull \hbox (6.74693pt too wide) in paragraph at lines 450--451
[]\OT1/cmtt/m/n/10 ## Warning in apply(as.matrix(pi0hatScottMat), 2, as.numeric
): NAs
 []


Overfull \hbox (6.74693pt too wide) in paragraph at lines 452--453
[]\OT1/cmtt/m/n/10 ## Warning in apply(as.matrix(pi0hatScottMat), 2, as.numeric
): NAs
 []


Overfull \hbox (6.74693pt too wide) in paragraph at lines 454--455
[]\OT1/cmtt/m/n/10 ## Warning in apply(as.matrix(pi0hatScottMat), 2, as.numeric
): NAs
 []


Overfull \hbox (6.74693pt too wide) in paragraph at lines 456--457
[]\OT1/cmtt/m/n/10 ## Warning in apply(as.matrix(pi0hatScottMat), 2, as.numeric
): NAs
 []


Overfull \hbox (6.74693pt too wide) in paragraph at lines 458--459
[]\OT1/cmtt/m/n/10 ## Warning in apply(as.matrix(pi0hatScottMat), 2, as.numeric
): NAs
 []


Overfull \hbox (6.74693pt too wide) in paragraph at lines 460--461
[]\OT1/cmtt/m/n/10 ## Warning in apply(as.matrix(pi0hatScottMat), 2, as.numeric
): NAs
 []


Overfull \hbox (6.74693pt too wide) in paragraph at lines 462--463
[]\OT1/cmtt/m/n/10 ## Warning in apply(as.matrix(pi0hatScottMat), 2, as.numeric
): NAs
 []


Overfull \hbox (6.74693pt too wide) in paragraph at lines 464--465
[]\OT1/cmtt/m/n/10 ## Warning in apply(as.matrix(pi0hatScottMat), 2, as.numeric
): NAs
 []


Overfull \hbox (11.99689pt too wide) in paragraph at lines 466--466
[]\OT1/cmtt/m/n/10 ## Error in apply(as.matrix(pi0hatScottMat), 2, as.numeric):
 (list)
 []


Underfull \vbox (badness 10000) detected at line 466
 []


Underfull \vbox (badness 10000) detected at line 466
 []

[7]
Overfull \vbox (0.22223pt too high) detected at line 466
 []

[8]
Package color Info: Redefining color shadecolor on input line 472.
 [9]
Underfull \vbox (badness 10000) detected at line 584
 []


Underfull \vbox (badness 10000) detected at line 584
 []

[10] [11]
("C:\Users\smb310\Documents\Research\FDR regression\Simulations - independent -
 revision - 10000\3.estimate_pi0x_Scott_empirical.aux") ) 
Here is how much of TeX's memory you used:
 1268 strings out of 493921
 17864 string characters out of 3144873
 81069 words of memory out of 3000000
 4591 multiletter control sequences out of 15000+200000
 4581 words of font info for 18 fonts, out of 3000000 for 9000
 841 hyphenation exceptions out of 8191
 27i,5n,19p,309b,278s stack positions out of 5000i,500n,10000p,200000b,50000s
<C:/Program Files (x86
)/MiKTeX 2.9/fonts/type1/public/amsfonts/cm/cmbx12.pfb><C:/Program Files (x86)/
MiKTeX 2.9/fonts/type1/public/amsfonts/cm/cmitt10.pfb><C:/Program Files (x86)/M
iKTeX 2.9/fonts/type1/public/amsfonts/cm/cmr10.pfb><C:/Program Files (x86)/MiKT
eX 2.9/fonts/type1/public/amsfonts/cm/cmsy10.pfb><C:/Program Files (x86)/MiKTeX
 2.9/fonts/type1/public/amsfonts/cm/cmtt10.pfb>
Output written on 3.estimate_pi0x_Scott_empirical.pdf (11 pages, 84129 bytes).
PDF statistics:
 58 PDF objects out of 1000 (max. 8388607)
 0 named destinations out of 1000 (max. 500000)
 1 words of extra memory for PDF output out of 10000 (max. 10000000)

