This is pdfTeX, Version 3.14159265-2.6-1.40.18 (MiKTeX 2.9.6500 64-bit) (preloaded format=pdflatex 2018.2.6)  8 JUN 2018 15:20
entering extended mode
**./6.make_Figure_comparing_means.tex
(6.make_Figure_comparing_means.tex
LaTeX2e <2017-04-15>
Babel <3.15> and hyphenation patterns for 75 language(s) loaded.
("C:\Program Files\MiKTeX 2.9\tex\latex\base\article.cls"
Document Class: article 2014/09/29 v1.4h Standard LaTeX document class
("C:\Program Files\MiKTeX 2.9\tex\latex\base\size10.clo"
File: size10.clo 2014/09/29 v1.4h Standard LaTeX file (size option)
)
\c@part=\count79
\c@section=\count80
\c@subsection=\count81
\c@subsubsection=\count82
\c@paragraph=\count83
\c@subparagraph=\count84
\c@figure=\count85
\c@table=\count86
\abovecaptionskip=\skip41
\belowcaptionskip=\skip42
\bibindent=\dimen102
)
("C:\Program Files\MiKTeX 2.9\tex\latex\graphics\graphicx.sty"
Package: graphicx 2017/06/01 v1.1a Enhanced LaTeX Graphics (DPC,SPQR)

("C:\Program Files\MiKTeX 2.9\tex\latex\graphics\keyval.sty"
Package: keyval 2014/10/28 v1.15 key=value parser (DPC)
\KV@toks@=\toks14
)
("C:\Program Files\MiKTeX 2.9\tex\latex\graphics\graphics.sty"
Package: graphics 2017/06/25 v1.2c Standard LaTeX Graphics (DPC,SPQR)

("C:\Program Files\MiKTeX 2.9\tex\latex\graphics\trig.sty"
Package: trig 2016/01/03 v1.10 sin cos tan (DPC)
)
("C:\Program Files\MiKTeX 2.9\tex\latex\graphics-cfg\graphics.cfg"
File: graphics.cfg 2016/06/04 v1.11 sample graphics configuration
)
Package graphics Info: Driver file: pdftex.def on input line 99.

("C:\Program Files\MiKTeX 2.9\tex\latex\graphics-def\pdftex.def"
File: pdftex.def 2017/06/24 v1.0g Graphics/color driver for pdftex
))
\Gin@req@height=\dimen103
\Gin@req@width=\dimen104
)
("C:\Program Files\MiKTeX 2.9\tex\latex\graphics\color.sty"
Package: color 2016/07/10 v1.1e Standard LaTeX Color (DPC)

("C:\Program Files\MiKTeX 2.9\tex\latex\graphics-cfg\color.cfg"
File: color.cfg 2016/01/02 v1.6 sample color configuration
)
Package color Info: Driver file: pdftex.def on input line 147.
)
("C:\Program Files\MiKTeX 2.9\tex\latex\framed\framed.sty"
Package: framed 2011/10/22 v 0.96: framed or shaded text with page breaks
\OuterFrameSep=\skip43
\fb@frw=\dimen105
\fb@frh=\dimen106
\FrameRule=\dimen107
\FrameSep=\dimen108
)
("C:\Program Files\MiKTeX 2.9\tex\latex\base\alltt.sty"
Package: alltt 1997/06/16 v2.0g defines alltt environment
)
("C:\Program Files\MiKTeX 2.9\tex\latex\upquote\upquote.sty"
Package: upquote 2012/04/19 v1.3 upright-quote and grave-accent glyphs in verba
tim
)
(6.make_Figure_comparing_means.aux)
\openout1 = `6.make_Figure_comparing_means.aux'.

LaTeX Font Info:    Checking defaults for OML/cmm/m/it on input line 53.
LaTeX Font Info:    ... okay on input line 53.
LaTeX Font Info:    Checking defaults for T1/cmr/m/n on input line 53.
LaTeX Font Info:    ... okay on input line 53.
LaTeX Font Info:    Checking defaults for OT1/cmr/m/n on input line 53.
LaTeX Font Info:    ... okay on input line 53.
LaTeX Font Info:    Checking defaults for OMS/cmsy/m/n on input line 53.
LaTeX Font Info:    ... okay on input line 53.
LaTeX Font Info:    Checking defaults for OMX/cmex/m/n on input line 53.
LaTeX Font Info:    ... okay on input line 53.
LaTeX Font Info:    Checking defaults for U/cmr/m/n on input line 53.
LaTeX Font Info:    ... okay on input line 53.

("C:\Program Files\MiKTeX 2.9\tex\context\base\supp-pdf.mkii"
[Loading MPS to PDF converter (version 2006.09.02).]
\scratchcounter=\count87
\scratchdimen=\dimen109
\scratchbox=\box26
\nofMPsegments=\count88
\nofMParguments=\count89
\everyMPshowfont=\toks15
\MPscratchCnt=\count90
\MPscratchDim=\dimen110
\MPnumerator=\count91
\makeMPintoPDFobject=\count92
\everyMPtoPDFconversion=\toks16
) ("C:\Program Files\MiKTeX 2.9\tex\latex\oberdiek\epstopdf-base.sty"
Package: epstopdf-base 2016/05/15 v2.6 Base part for package epstopdf

("C:\Program Files\MiKTeX 2.9\tex\generic\oberdiek\infwarerr.sty"
Package: infwarerr 2016/05/16 v1.4 Providing info/warning/error messages (HO)
)
("C:\Program Files\MiKTeX 2.9\tex\latex\oberdiek\grfext.sty"
Package: grfext 2016/05/16 v1.2 Manage graphics extensions (HO)

("C:\Program Files\MiKTeX 2.9\tex\generic\oberdiek\kvdefinekeys.sty"
Package: kvdefinekeys 2016/05/16 v1.4 Define keys (HO)

("C:\Program Files\MiKTeX 2.9\tex\generic\oberdiek\ltxcmds.sty"
Package: ltxcmds 2016/05/16 v1.23 LaTeX kernel commands for general use (HO)
)))
("C:\Program Files\MiKTeX 2.9\tex\latex\oberdiek\kvoptions.sty"
Package: kvoptions 2016/05/16 v3.12 Key value format for package options (HO)

("C:\Program Files\MiKTeX 2.9\tex\generic\oberdiek\kvsetkeys.sty"
Package: kvsetkeys 2016/05/16 v1.17 Key value parser (HO)

("C:\Program Files\MiKTeX 2.9\tex\generic\oberdiek\etexcmds.sty"
Package: etexcmds 2016/05/16 v1.6 Avoid name clashes with e-TeX commands (HO)

("C:\Program Files\MiKTeX 2.9\tex\generic\oberdiek\ifluatex.sty"
Package: ifluatex 2016/05/16 v1.4 Provides the ifluatex switch (HO)
Package ifluatex Info: LuaTeX not detected.
)
Package etexcmds Info: Could not find \expanded.
(etexcmds)             That can mean that you are not using pdfTeX 1.50 or
(etexcmds)             that some package has redefined \expanded.
(etexcmds)             In the latter case, load this package earlier.
)))
("C:\Program Files\MiKTeX 2.9\tex\generic\oberdiek\pdftexcmds.sty"
Package: pdftexcmds 2017/03/19 v0.25 Utility functions of pdfTeX for LuaTeX (HO
)

("C:\Program Files\MiKTeX 2.9\tex\generic\oberdiek\ifpdf.sty"
Package: ifpdf 2017/03/15 v3.2 Provides the ifpdf switch
)
Package pdftexcmds Info: LuaTeX not detected.
Package pdftexcmds Info: \pdf@primitive is available.
Package pdftexcmds Info: \pdf@ifprimitive is available.
Package pdftexcmds Info: \pdfdraftmode found.
)
Package epstopdf-base Info: Redefining graphics rule for `.eps' on input line 4
38.
Package grfext Info: Graphics extension search list:
(grfext)             [.pdf,.png,.jpg,.mps,.jpeg,.jbig2,.jb2,.PDF,.PNG,.JPG,.JPE
G,.JBIG2,.JB2,.eps]
(grfext)             \AppendGraphicsExtensions on input line 456.
)
Package color Info: Redefining color shadecolor on input line 58.
LaTeX Font Info:    Font shape `OT1/cmtt/bx/n' in size <10> not available
(Font)              Font shape `OT1/cmtt/m/n' tried instead on input line 61.
Package color Info: Redefining color shadecolor on input line 74.
LaTeX Font Info:    Try loading font information for OMS+cmtt on input line 91.


(C:/PROGRA~1/R/R-34~1.4/share/texmf/tex/latex\omscmtt.fd
File: omscmtt.fd 
)
LaTeX Font Info:    Font shape `OMS/cmtt/m/n' in size <10> not available
(Font)              Font shape `OMS/cmsy/m/n' tried instead on input line 91.

Overfull \hbox (32.49683pt too wide) in paragraph at lines 91--91
[][]\OT1/cmtt/m/n/10 pi0StoreyMean[] []<-[] []mean[][]([][]apply[][](pValuesSim
s,[] []1[][],[] []function[][]([][]p[][])\OMS/cmsy/m/n/10 f[][]\OT1/cmtt/m/n/10
 qvalue[][](p)[][]$[][]pi0\OMS/cmsy/m/n/10 g\OT1/cmtt/m/n/10 ))[][] 
 []


Overfull \hbox (158.9956pt too wide) in paragraph at lines 93--93
[][]\OT1/cmtt/m/n/10 plotMeanPi0[][](pi0, pi0MeansVars, pi0hatScottMean, pi0Sto
reyMean, pi0StoreyMean,[] []tme[][]=tme,[] []main[][]=[][]"I"[][])[][] 
 []


Overfull \hbox (113.48213pt too wide) in paragraph at lines 94--94
[][]\OT1/cmtt/m/n/10 legend[][]([][]"topright"[][],[] []inset[][]=[][]c[][]([][
]-[][]0.45[][],[][]0[][]),[][]\OT1/cmtt/m/it/10 ##x=-0.2, y=0.45,##"bottomright
", ##x=-100, y=0.3, [][] 
 []


Overfull \hbox (81.9824pt too wide) in paragraph at lines 107--107
[][]\OT1/cmtt/m/it/10 #########################################################
########################[][] 
 []


Overfull \hbox (32.49683pt too wide) in paragraph at lines 120--120
[][]\OT1/cmtt/m/n/10 pi0StoreyMean[] []<-[] []mean[][]([][]apply[][](pValuesSim
s,[] []1[][],[] []function[][]([][]p[][])\OMS/cmsy/m/n/10 f[][]\OT1/cmtt/m/n/10
 qvalue[][](p)[][]$[][]pi0\OMS/cmsy/m/n/10 g\OT1/cmtt/m/n/10 ))[][] 
 []


Overfull \hbox (164.24556pt too wide) in paragraph at lines 122--122
[][]\OT1/cmtt/m/n/10 plotMeanPi0[][](pi0, pi0MeansVars, pi0hatScottMean, pi0Sto
reyMean, pi0StoreyMean,[] []tme[][]=tme,[] []main[][]=[][]"II"[][])[][] 
 []


Overfull \hbox (113.48213pt too wide) in paragraph at lines 123--123
[][]\OT1/cmtt/m/n/10 legend[][]([][]"topright"[][],[] []inset[][]=[][]c[][]([][
]-[][]0.45[][],[][]0[][]),[][]\OT1/cmtt/m/it/10 ##x=-0.2, y=0.45,##"bottomright
", ##x=-100, y=0.3, [][] 
 []


Overfull \hbox (127.49588pt too wide) in paragraph at lines 136--136
[][]\OT1/cmtt/m/n/10 plotMeanPi0[][](pi0, pi0Spl.MeansVars, pi0hatSpl.ScottMean
, pi0StoreyMean,[] []tme[][]=tme,[] []main[][]=[][]"II"[][])[][] 
 []


Overfull \hbox (108.23218pt too wide) in paragraph at lines 137--137
[][]\OT1/cmtt/m/n/10 legend[][]([][]"topright"[][],[] []inset[][]=[][]c[][]([][
]-[][]0.7[][],[][]0[][]),[][]\OT1/cmtt/m/it/10 ##x=-0.2, y=0.45,##"bottomright"
, ##x=-100, y=0.3, [][] 
 []


Overfull \hbox (81.9824pt too wide) in paragraph at lines 150--150
[][]\OT1/cmtt/m/it/10 #########################################################
########################[][] 
 []


Overfull \hbox (32.49683pt too wide) in paragraph at lines 163--163
[][]\OT1/cmtt/m/n/10 pi0StoreyMean[] []<-[] []mean[][]([][]apply[][](pValuesSim
s,[] []1[][],[] []function[][]([][]p[][])\OMS/cmsy/m/n/10 f[][]\OT1/cmtt/m/n/10
 qvalue[][](p)[][]$[][]pi0\OMS/cmsy/m/n/10 g\OT1/cmtt/m/n/10 ))[][] 
 []


Overfull \hbox (132.74583pt too wide) in paragraph at lines 165--165
[][]\OT1/cmtt/m/n/10 plotMeanPi0[][](pi0, pi0Lin.MeansVars, pi0hatLin.ScottMean
, pi0StoreyMean,[] []tme[][]=tme,[] []main[][]=[][]"III"[][])[][] 
 []


Overfull \hbox (113.48213pt too wide) in paragraph at lines 166--166
[][]\OT1/cmtt/m/n/10 legend[][]([][]"topright"[][],[] []inset[][]=[][]c[][]([][
]-[][]0.45[][],[][]0[][]),[][]\OT1/cmtt/m/it/10 ##x=-0.2, y=0.45,##"bottomright
", ##x=-100, y=0.3, [][] 
 []


Overfull \hbox (132.74583pt too wide) in paragraph at lines 179--179
[][]\OT1/cmtt/m/n/10 plotMeanPi0[][](pi0, pi0Spl.MeansVars, pi0hatSpl.ScottMean
, pi0StoreyMean,[] []tme[][]=tme,[] []main[][]=[][]"III"[][])[][] 
 []


Overfull \hbox (108.23218pt too wide) in paragraph at lines 180--180
[][]\OT1/cmtt/m/n/10 legend[][]([][]"topright"[][],[] []inset[][]=[][]c[][]([][
]-[][]0.7[][],[][]0[][]),[][]\OT1/cmtt/m/it/10 ##x=-0.2, y=0.45,##"bottomright"
, ##x=-100, y=0.3, [][] 
 []


Overfull \hbox (81.9824pt too wide) in paragraph at lines 193--193
[][]\OT1/cmtt/m/it/10 #########################################################
########################[][] 
 []


Overfull \hbox (32.49683pt too wide) in paragraph at lines 206--206
[][]\OT1/cmtt/m/n/10 pi0StoreyMean[] []<-[] []mean[][]([][]apply[][](pValuesSim
s,[] []1[][],[] []function[][]([][]p[][])\OMS/cmsy/m/n/10 f[][]\OT1/cmtt/m/n/10
 qvalue[][](p)[][]$[][]pi0\OMS/cmsy/m/n/10 g\OT1/cmtt/m/n/10 ))[][] 
 []


Overfull \hbox (127.49588pt too wide) in paragraph at lines 208--208
[][]\OT1/cmtt/m/n/10 plotMeanPi0[][](pi0, pi0Lin.MeansVars, pi0hatLin.ScottMean
, pi0StoreyMean,[] []tme[][]=tme,[] []main[][]=[][]"IV"[][])[][] 
 []


Overfull \hbox (113.48213pt too wide) in paragraph at lines 209--209
[][]\OT1/cmtt/m/n/10 legend[][]([][]"topright"[][],[] []inset[][]=[][]c[][]([][
]-[][]0.45[][],[][]0[][]),[][]\OT1/cmtt/m/it/10 ##x=-0.2, y=0.45,##"bottomright
", ##x=-100, y=0.3, [][] 
 []


Overfull \hbox (127.49588pt too wide) in paragraph at lines 222--222
[][]\OT1/cmtt/m/n/10 plotMeanPi0[][](pi0, pi0Spl.MeansVars, pi0hatSpl.ScottMean
, pi0StoreyMean,[] []tme[][]=tme,[] []main[][]=[][]"IV"[][])[][] 
 []


Overfull \hbox (108.23218pt too wide) in paragraph at lines 223--223
[][]\OT1/cmtt/m/n/10 legend[][]([][]"topright"[][],[] []inset[][]=[][]c[][]([][
]-[][]0.7[][],[][]0[][]),[][]\OT1/cmtt/m/it/10 ##x=-0.2, y=0.45,##"bottomright"
, ##x=-100, y=0.3, [][] 
 []

[1

{C:/Users/Simina/AppData/Local/MiKTeX/2.9/pdftex/config/pdftex.map}] [2]
[3]
<Figures/plot_of_mean_estimates_norm_10000-1.pdf, id=16, pagebox=cropbox, 578.1
6pt x 361.35pt>
File: Figures/plot_of_mean_estimates_norm_10000-1.pdf Graphic file (type pdf)
<use Figures/plot_of_mean_estimates_norm_10000-1.pdf>
Package pdftex.def Info: Figures/plot_of_mean_estimates_norm_10000-1.pdf  used 
on input line 238. on input line 238.
Package pdftex.def Info: Requested size: 345.0pt x 215.6207pt on input line 238
.
<Figures/plot_of_mean_estimates_norm_10000-2.pdf, id=17, pagebox=cropbox, 578.1
6pt x 361.35pt>
File: Figures/plot_of_mean_estimates_norm_10000-2.pdf Graphic file (type pdf)
<use Figures/plot_of_mean_estimates_norm_10000-2.pdf>
Package pdftex.def Info: Figures/plot_of_mean_estimates_norm_10000-2.pdf  used 
on input line 239. on input line 239.
Package pdftex.def Info: Requested size: 345.0pt x 215.6207pt on input line 239
.
<Figures/plot_of_mean_estimates_norm_10000-3.pdf, id=18, pagebox=cropbox, 578.1
6pt x 361.35pt>
File: Figures/plot_of_mean_estimates_norm_10000-3.pdf Graphic file (type pdf)
<use Figures/plot_of_mean_estimates_norm_10000-3.pdf>
Package pdftex.def Info: Figures/plot_of_mean_estimates_norm_10000-3.pdf  used 
on input line 240. on input line 240.
Package pdftex.def Info: Requested size: 345.0pt x 215.6207pt on input line 240
.
<Figures/plot_of_mean_estimates_norm_10000-4.pdf, id=19, pagebox=cropbox, 578.1
6pt x 361.35pt>
File: Figures/plot_of_mean_estimates_norm_10000-4.pdf Graphic file (type pdf)
<use Figures/plot_of_mean_estimates_norm_10000-4.pdf>
Package pdftex.def Info: Figures/plot_of_mean_estimates_norm_10000-4.pdf  used 
on input line 241. on input line 241.
Package pdftex.def Info: Requested size: 345.0pt x 215.6207pt on input line 241
.
<Figures/plot_of_mean_estimates_norm_10000-5.pdf, id=20, pagebox=cropbox, 578.1
6pt x 361.35pt>
File: Figures/plot_of_mean_estimates_norm_10000-5.pdf Graphic file (type pdf)
<use Figures/plot_of_mean_estimates_norm_10000-5.pdf>
Package pdftex.def Info: Figures/plot_of_mean_estimates_norm_10000-5.pdf  used 
on input line 242. on input line 242.
Package pdftex.def Info: Requested size: 345.0pt x 215.6207pt on input line 242
.
<Figures/plot_of_mean_estimates_norm_10000-6.pdf, id=21, pagebox=cropbox, 578.1
6pt x 361.35pt>
File: Figures/plot_of_mean_estimates_norm_10000-6.pdf Graphic file (type pdf)
<use Figures/plot_of_mean_estimates_norm_10000-6.pdf>
Package pdftex.def Info: Figures/plot_of_mean_estimates_norm_10000-6.pdf  used 
on input line 243. on input line 243.
Package pdftex.def Info: Requested size: 345.0pt x 215.6207pt on input line 243
.
<Figures/plot_of_mean_estimates_norm_10000-7.pdf, id=22, pagebox=cropbox, 578.1
6pt x 361.35pt>
File: Figures/plot_of_mean_estimates_norm_10000-7.pdf Graphic file (type pdf)
<use Figures/plot_of_mean_estimates_norm_10000-7.pdf>
Package pdftex.def Info: Figures/plot_of_mean_estimates_norm_10000-7.pdf  used 
on input line 244. on input line 244.
Package pdftex.def Info: Requested size: 345.0pt x 215.6207pt on input line 244
.
 [4 <./Figures/plot_of_mean_estimates_norm_10000-1.pdf>] [5 <./Figures/plot_of_
mean_estimates_norm_10000-2.pdf> <./Figures/plot_of_mean_estimates_norm_10000-3
.pdf>] [6 <./Figures/plot_of_mean_estimates_norm_10000-4.pdf> <./Figures/plot_o
f_mean_estimates_norm_10000-5.pdf>]
Package color Info: Redefining color shadecolor on input line 255.

Overfull \hbox (32.49683pt too wide) in paragraph at lines 270--270
[][]\OT1/cmtt/m/n/10 pi0StoreyMean[] []<-[] []mean[][]([][]apply[][](pValuesSim
s,[] []1[][],[] []function[][]([][]p[][])\OMS/cmsy/m/n/10 f[][]\OT1/cmtt/m/n/10
 qvalue[][](p)[][]$[][]pi0\OMS/cmsy/m/n/10 g\OT1/cmtt/m/n/10 ))[][] 
 []


Overfull \hbox (80.24629pt too wide) in paragraph at lines 272--272
[][]\OT1/cmtt/m/n/10 plotMeanPi0[][](pi0, pi0MeansVars, pi0hatScottMean, pi0Sto
reyMean,[] []tme[][]=tme,[] []main[][]=[][]"I"[][])[][] 
 []


Overfull \hbox (113.48213pt too wide) in paragraph at lines 273--273
[][]\OT1/cmtt/m/n/10 legend[][]([][]"topright"[][],[] []inset[][]=[][]c[][]([][
]-[][]0.45[][],[][]0[][]),[][]\OT1/cmtt/m/it/10 ##x=-0.2, y=0.45,##"bottomright
", ##x=-100, y=0.3, [][] 
 []


Overfull \hbox (81.9824pt too wide) in paragraph at lines 286--286
[][]\OT1/cmtt/m/it/10 #########################################################
########################[][] 
 []


Overfull \hbox (32.49683pt too wide) in paragraph at lines 299--299
[][]\OT1/cmtt/m/n/10 pi0StoreyMean[] []<-[] []mean[][]([][]apply[][](pValuesSim
s,[] []1[][],[] []function[][]([][]p[][])\OMS/cmsy/m/n/10 f[][]\OT1/cmtt/m/n/10
 qvalue[][](p)[][]$[][]pi0\OMS/cmsy/m/n/10 g\OT1/cmtt/m/n/10 ))[][] 
 []


Overfull \hbox (127.49588pt too wide) in paragraph at lines 301--301
[][]\OT1/cmtt/m/n/10 plotMeanPi0[][](pi0, pi0Lin.MeansVars, pi0hatLin.ScottMean
, pi0StoreyMean,[] []tme[][]=tme,[] []main[][]=[][]"II"[][])[][] 
 []


Overfull \hbox (113.48213pt too wide) in paragraph at lines 302--302
[][]\OT1/cmtt/m/n/10 legend[][]([][]"topright"[][],[] []inset[][]=[][]c[][]([][
]-[][]0.45[][],[][]0[][]),[][]\OT1/cmtt/m/it/10 ##x=-0.2, y=0.45,##"bottomright
", ##x=-100, y=0.3, [][] 
 []


Overfull \hbox (127.49588pt too wide) in paragraph at lines 315--315
[][]\OT1/cmtt/m/n/10 plotMeanPi0[][](pi0, pi0Spl.MeansVars, pi0hatSpl.ScottMean
, pi0StoreyMean,[] []tme[][]=tme,[] []main[][]=[][]"II"[][])[][] 
 []


Overfull \hbox (108.23218pt too wide) in paragraph at lines 316--316
[][]\OT1/cmtt/m/n/10 legend[][]([][]"topright"[][],[] []inset[][]=[][]c[][]([][
]-[][]0.7[][],[][]0[][]),[][]\OT1/cmtt/m/it/10 ##x=-0.2, y=0.45,##"bottomright"
, ##x=-100, y=0.3, [][] 
 []


Overfull \hbox (81.9824pt too wide) in paragraph at lines 329--329
[][]\OT1/cmtt/m/it/10 #########################################################
########################[][] 
 []


Overfull \hbox (32.49683pt too wide) in paragraph at lines 342--342
[][]\OT1/cmtt/m/n/10 pi0StoreyMean[] []<-[] []mean[][]([][]apply[][](pValuesSim
s,[] []1[][],[] []function[][]([][]p[][])\OMS/cmsy/m/n/10 f[][]\OT1/cmtt/m/n/10
 qvalue[][](p)[][]$[][]pi0\OMS/cmsy/m/n/10 g\OT1/cmtt/m/n/10 ))[][] 
 []


Overfull \hbox (132.74583pt too wide) in paragraph at lines 344--344
[][]\OT1/cmtt/m/n/10 plotMeanPi0[][](pi0, pi0Lin.MeansVars, pi0hatLin.ScottMean
, pi0StoreyMean,[] []tme[][]=tme,[] []main[][]=[][]"III"[][])[][] 
 []


Overfull \hbox (113.48213pt too wide) in paragraph at lines 345--345
[][]\OT1/cmtt/m/n/10 legend[][]([][]"topright"[][],[] []inset[][]=[][]c[][]([][
]-[][]0.45[][],[][]0[][]),[][]\OT1/cmtt/m/it/10 ##x=-0.2, y=0.45,##"bottomright
", ##x=-100, y=0.3, [][] 
 []


Overfull \hbox (132.74583pt too wide) in paragraph at lines 358--358
[][]\OT1/cmtt/m/n/10 plotMeanPi0[][](pi0, pi0Spl.MeansVars, pi0hatSpl.ScottMean
, pi0StoreyMean,[] []tme[][]=tme,[] []main[][]=[][]"III"[][])[][] 
 []


Overfull \hbox (108.23218pt too wide) in paragraph at lines 359--359
[][]\OT1/cmtt/m/n/10 legend[][]([][]"topright"[][],[] []inset[][]=[][]c[][]([][
]-[][]0.7[][],[][]0[][]),[][]\OT1/cmtt/m/it/10 ##x=-0.2, y=0.45,##"bottomright"
, ##x=-100, y=0.3, [][] 
 []


Overfull \hbox (81.9824pt too wide) in paragraph at lines 372--372
[][]\OT1/cmtt/m/it/10 #########################################################
########################[][] 
 []


Overfull \hbox (32.49683pt too wide) in paragraph at lines 385--385
[][]\OT1/cmtt/m/n/10 pi0StoreyMean[] []<-[] []mean[][]([][]apply[][](pValuesSim
s,[] []1[][],[] []function[][]([][]p[][])\OMS/cmsy/m/n/10 f[][]\OT1/cmtt/m/n/10
 qvalue[][](p)[][]$[][]pi0\OMS/cmsy/m/n/10 g\OT1/cmtt/m/n/10 ))[][] 
 []


Overfull \hbox (127.49588pt too wide) in paragraph at lines 387--387
[][]\OT1/cmtt/m/n/10 plotMeanPi0[][](pi0, pi0Lin.MeansVars, pi0hatLin.ScottMean
, pi0StoreyMean,[] []tme[][]=tme,[] []main[][]=[][]"IV"[][])[][] 
 []


Overfull \hbox (113.48213pt too wide) in paragraph at lines 388--388
[][]\OT1/cmtt/m/n/10 legend[][]([][]"topright"[][],[] []inset[][]=[][]c[][]([][
]-[][]0.45[][],[][]0[][]),[][]\OT1/cmtt/m/it/10 ##x=-0.2, y=0.45,##"bottomright
", ##x=-100, y=0.3, [][] 
 []


Overfull \hbox (127.49588pt too wide) in paragraph at lines 401--401
[][]\OT1/cmtt/m/n/10 plotMeanPi0[][](pi0, pi0Spl.MeansVars, pi0hatSpl.ScottMean
, pi0StoreyMean,[] []tme[][]=tme,[] []main[][]=[][]"IV"[][])[][] 
 []


Overfull \hbox (108.23218pt too wide) in paragraph at lines 402--402
[][]\OT1/cmtt/m/n/10 legend[][]([][]"topright"[][],[] []inset[][]=[][]c[][]([][
]-[][]0.7[][],[][]0[][]),[][]\OT1/cmtt/m/it/10 ##x=-0.2, y=0.45,##"bottomright"
, ##x=-100, y=0.3, [][] 
 []

[7 <./Figures/plot_of_mean_estimates_norm_10000-6.pdf> <./Figures/plot_of_mean_
estimates_norm_10000-7.pdf>] [8] [9] [10]
<Figures/plot_of_mean_estimates_t_10000-1.pdf, id=122, pagebox=cropbox, 578.16p
t x 361.35pt>
File: Figures/plot_of_mean_estimates_t_10000-1.pdf Graphic file (type pdf)
<use Figures/plot_of_mean_estimates_t_10000-1.pdf>
Package pdftex.def Info: Figures/plot_of_mean_estimates_t_10000-1.pdf  used on 
input line 417. on input line 417.
Package pdftex.def Info: Requested size: 345.0pt x 215.6207pt on input line 417
.
<Figures/plot_of_mean_estimates_t_10000-2.pdf, id=123, pagebox=cropbox, 578.16p
t x 361.35pt>
File: Figures/plot_of_mean_estimates_t_10000-2.pdf Graphic file (type pdf)
<use Figures/plot_of_mean_estimates_t_10000-2.pdf>
Package pdftex.def Info: Figures/plot_of_mean_estimates_t_10000-2.pdf  used on 
input line 418. on input line 418.
Package pdftex.def Info: Requested size: 345.0pt x 215.6207pt on input line 418
.
<Figures/plot_of_mean_estimates_t_10000-3.pdf, id=124, pagebox=cropbox, 578.16p
t x 361.35pt>
File: Figures/plot_of_mean_estimates_t_10000-3.pdf Graphic file (type pdf)
<use Figures/plot_of_mean_estimates_t_10000-3.pdf>
Package pdftex.def Info: Figures/plot_of_mean_estimates_t_10000-3.pdf  used on 
input line 419. on input line 419.
Package pdftex.def Info: Requested size: 345.0pt x 215.6207pt on input line 419
.
<Figures/plot_of_mean_estimates_t_10000-4.pdf, id=125, pagebox=cropbox, 578.16p
t x 361.35pt>
File: Figures/plot_of_mean_estimates_t_10000-4.pdf Graphic file (type pdf)
<use Figures/plot_of_mean_estimates_t_10000-4.pdf>
Package pdftex.def Info: Figures/plot_of_mean_estimates_t_10000-4.pdf  used on 
input line 420. on input line 420.
Package pdftex.def Info: Requested size: 345.0pt x 215.6207pt on input line 420
.
<Figures/plot_of_mean_estimates_t_10000-5.pdf, id=126, pagebox=cropbox, 578.16p
t x 361.35pt>
File: Figures/plot_of_mean_estimates_t_10000-5.pdf Graphic file (type pdf)
<use Figures/plot_of_mean_estimates_t_10000-5.pdf>
Package pdftex.def Info: Figures/plot_of_mean_estimates_t_10000-5.pdf  used on 
input line 421. on input line 421.
Package pdftex.def Info: Requested size: 345.0pt x 215.6207pt on input line 421
.
<Figures/plot_of_mean_estimates_t_10000-6.pdf, id=127, pagebox=cropbox, 578.16p
t x 361.35pt>
File: Figures/plot_of_mean_estimates_t_10000-6.pdf Graphic file (type pdf)
<use Figures/plot_of_mean_estimates_t_10000-6.pdf>
Package pdftex.def Info: Figures/plot_of_mean_estimates_t_10000-6.pdf  used on 
input line 422. on input line 422.
Package pdftex.def Info: Requested size: 345.0pt x 215.6207pt on input line 422
.
<Figures/plot_of_mean_estimates_t_10000-7.pdf, id=128, pagebox=cropbox, 578.16p
t x 361.35pt>
File: Figures/plot_of_mean_estimates_t_10000-7.pdf Graphic file (type pdf)
<use Figures/plot_of_mean_estimates_t_10000-7.pdf>
Package pdftex.def Info: Figures/plot_of_mean_estimates_t_10000-7.pdf  used on 
input line 423. on input line 423.
Package pdftex.def Info: Requested size: 345.0pt x 215.6207pt on input line 423
.
 [11 <./Figures/plot_of_mean_estimates_t_10000-1.pdf> <./Figures/plot_of_mean_e
stimates_t_10000-2.pdf>] [12 <./Figures/plot_of_mean_estimates_t_10000-3.pdf> <
./Figures/plot_of_mean_estimates_t_10000-4.pdf>] [13 <./Figures/plot_of_mean_es
timates_t_10000-5.pdf> <./Figures/plot_of_mean_estimates_t_10000-6.pdf>]
Package color Info: Redefining color shadecolor on input line 436.
 [14 <./Figures/plot_of_mean_estimates_t_10000-7.pdf>]
Underfull \vbox (badness 10000) detected at line 528
 []


Underfull \vbox (badness 10000) detected at line 528
 []

[15] [16] (6.make_Figure_comparing_means.aux) ) 
Here is how much of TeX's memory you used:
 1646 strings out of 493312
 26689 string characters out of 3138897
 130904 words of memory out of 3000000
 5178 multiletter control sequences out of 15000+200000
 4581 words of font info for 18 fonts, out of 3000000 for 9000
 1141 hyphenation exceptions out of 8191
 41i,6n,25p,304b,284s stack positions out of 5000i,500n,10000p,200000b,50000s
<C:/Program Files/MiKTeX 2.9/fon
ts/type1/public/amsfonts/cm/cmbx12.pfb><C:/Program Files/MiKTeX 2.9/fonts/type1
/public/amsfonts/cm/cmitt10.pfb><C:/Program Files/MiKTeX 2.9/fonts/type1/public
/amsfonts/cm/cmr10.pfb><C:/Program Files/MiKTeX 2.9/fonts/type1/public/amsfonts
/cm/cmsy10.pfb><C:/Program Files/MiKTeX 2.9/fonts/type1/public/amsfonts/cm/cmtt
10.pfb>
Output written on 6.make_Figure_comparing_means.pdf (16 pages, 27999162 bytes).

PDF statistics:
 242 PDF objects out of 1000 (max. 8388607)
 0 named destinations out of 1000 (max. 500000)
 71 words of extra memory for PDF output out of 10000 (max. 10000000)

