This is pdfTeX, Version 3.1415926-2.5-1.40.14 (MiKTeX 2.9) (preloaded format=pdflatex 2014.5.20)  16 JUN 2017 13:52
entering extended mode
**6.make_Figure_comparing_means.tex

("C:\Users\smb310\Documents\Research\FDR regression\Simulations - independent -
 revision\6.make_Figure_comparing_means.tex"
LaTeX2e <2011/06/27>
Babel <v3.8m> and hyphenation patterns for english, afrikaans, ancientgreek, ar
abic, armenian, assamese, basque, bengali, bokmal, bulgarian, catalan, coptic, 
croatian, czech, danish, dutch, esperanto, estonian, farsi, finnish, french, ga
lician, german, german-x-2013-05-26, greek, gujarati, hindi, hungarian, iceland
ic, indonesian, interlingua, irish, italian, kannada, kurmanji, latin, latvian,
 lithuanian, malayalam, marathi, mongolian, mongolianlmc, monogreek, ngerman, n
german-x-2013-05-26, nynorsk, oriya, panjabi, pinyin, polish, portuguese, roman
ian, russian, sanskrit, serbian, slovak, slovenian, spanish, swedish, swissgerm
an, tamil, telugu, turkish, turkmen, ukenglish, ukrainian, uppersorbian, usengl
ishmax, welsh, loaded.
("C:\Program Files (x86)\MiKTeX 2.9\tex\latex\base\article.cls"
Document Class: article 2007/10/19 v1.4h Standard LaTeX document class
("C:\Program Files (x86)\MiKTeX 2.9\tex\latex\base\size10.clo"
File: size10.clo 2007/10/19 v1.4h Standard LaTeX file (size option)
)
\c@part=\count79
\c@section=\count80
\c@subsection=\count81
\c@subsubsection=\count82
\c@paragraph=\count83
\c@subparagraph=\count84
\c@figure=\count85
\c@table=\count86
\abovecaptionskip=\skip41
\belowcaptionskip=\skip42
\bibindent=\dimen102
)
("C:\Program Files (x86)\MiKTeX 2.9\tex\latex\graphics\graphicx.sty"
Package: graphicx 1999/02/16 v1.0f Enhanced LaTeX Graphics (DPC,SPQR)

("C:\Program Files (x86)\MiKTeX 2.9\tex\latex\graphics\keyval.sty"
Package: keyval 1999/03/16 v1.13 key=value parser (DPC)
\KV@toks@=\toks14
)
("C:\Program Files (x86)\MiKTeX 2.9\tex\latex\graphics\graphics.sty"
Package: graphics 2009/02/05 v1.0o Standard LaTeX Graphics (DPC,SPQR)

("C:\Program Files (x86)\MiKTeX 2.9\tex\latex\graphics\trig.sty"
Package: trig 1999/03/16 v1.09 sin cos tan (DPC)
)
("C:\Program Files (x86)\MiKTeX 2.9\tex\latex\00miktex\graphics.cfg"
File: graphics.cfg 2007/01/18 v1.5 graphics configuration of teTeX/TeXLive
)
Package graphics Info: Driver file: pdftex.def on input line 91.

("C:\Program Files (x86)\MiKTeX 2.9\tex\latex\pdftex-def\pdftex.def"
File: pdftex.def 2011/05/27 v0.06d Graphics/color for pdfTeX

("C:\Program Files (x86)\MiKTeX 2.9\tex\generic\oberdiek\infwarerr.sty"
Package: infwarerr 2010/04/08 v1.3 Providing info/warning/error messages (HO)
)
("C:\Program Files (x86)\MiKTeX 2.9\tex\generic\oberdiek\ltxcmds.sty"
Package: ltxcmds 2011/11/09 v1.22 LaTeX kernel commands for general use (HO)
)
\Gread@gobject=\count87
))
\Gin@req@height=\dimen103
\Gin@req@width=\dimen104
)
("C:\Program Files (x86)\MiKTeX 2.9\tex\latex\graphics\color.sty"
Package: color 2005/11/14 v1.0j Standard LaTeX Color (DPC)

("C:\Program Files (x86)\MiKTeX 2.9\tex\latex\00miktex\color.cfg"
File: color.cfg 2007/01/18 v1.5 color configuration of teTeX/TeXLive
)
Package color Info: Driver file: pdftex.def on input line 130.
)
("C:\Program Files (x86)\MiKTeX 2.9\tex\latex\framed\framed.sty"
Package: framed 2011/10/22 v 0.96: framed or shaded text with page breaks
\OuterFrameSep=\skip43
\fb@frw=\dimen105
\fb@frh=\dimen106
\FrameRule=\dimen107
\FrameSep=\dimen108
)
("C:\Program Files (x86)\MiKTeX 2.9\tex\latex\base\alltt.sty"
Package: alltt 1997/06/16 v2.0g defines alltt environment
)
("C:\Program Files (x86)\MiKTeX 2.9\tex\latex\upquote\upquote.sty"
Package: upquote 2012/04/19 v1.3 upright-quote and grave-accent glyphs in verba
tim
)
("C:\Users\smb310\Documents\Research\FDR regression\Simulations - independent -
 revision\6.make_Figure_comparing_means.aux")
LaTeX Font Info:    Checking defaults for OML/cmm/m/it on input line 53.
LaTeX Font Info:    ... okay on input line 53.
LaTeX Font Info:    Checking defaults for T1/cmr/m/n on input line 53.
LaTeX Font Info:    ... okay on input line 53.
LaTeX Font Info:    Checking defaults for OT1/cmr/m/n on input line 53.
LaTeX Font Info:    ... okay on input line 53.
LaTeX Font Info:    Checking defaults for OMS/cmsy/m/n on input line 53.
LaTeX Font Info:    ... okay on input line 53.
LaTeX Font Info:    Checking defaults for OMX/cmex/m/n on input line 53.
LaTeX Font Info:    ... okay on input line 53.
LaTeX Font Info:    Checking defaults for U/cmr/m/n on input line 53.
LaTeX Font Info:    ... okay on input line 53.

("C:\Program Files (x86)\MiKTeX 2.9\tex\context\base\supp-pdf.mkii"
[Loading MPS to PDF converter (version 2006.09.02).]
\scratchcounter=\count88
\scratchdimen=\dimen109
\scratchbox=\box26
\nofMPsegments=\count89
\nofMParguments=\count90
\everyMPshowfont=\toks15
\MPscratchCnt=\count91
\MPscratchDim=\dimen110
\MPnumerator=\count92
\makeMPintoPDFobject=\count93
\everyMPtoPDFconversion=\toks16
)
Package color Info: Redefining color shadecolor on input line 58.
LaTeX Font Info:    Font shape `OT1/cmtt/bx/n' in size <10> not available
(Font)              Font shape `OT1/cmtt/m/n' tried instead on input line 61.
Package color Info: Redefining color shadecolor on input line 71.
LaTeX Font Info:    Try loading font information for OMS+cmtt on input line 76.

 (C:/PROGRA~1/R/R-33~1.1/share/texmf/tex/latex\omscmtt.fd
File: omscmtt.fd 
)
LaTeX Font Info:    Font shape `OMS/cmtt/m/n' in size <10> not available
(Font)              Font shape `OMS/cmsy/m/n' tried instead on input line 76.

Overfull \hbox (27.74675pt too wide) in paragraph at lines 87--87
[]         []\OT1/cmtt/m/n/10 legend[][]=[][]c[][]([][]"Truth"[][],[] []express
ion[][]([][]paste[][]([][]"SLR ("[][], lambda,[] []"=0.8)"[][])),[][] 
 []


Overfull \hbox (27.74675pt too wide) in paragraph at lines 90--90
[]         []\OT1/cmtt/m/n/10 col[][]=[][]c[][]([][]"black"[][],[] []"orange"[]
[],[] []"orange"[][],[] []"orange"[][],[] []"blue"[][]),[] []bty[][]=[][]"n"[][
],[][] 
 []


Overfull \hbox (92.48232pt too wide) in paragraph at lines 94--94
[]  []\OT1/cmtt/m/it/10 #######################################################
##########################[][] 
 []


Overfull \hbox (1.49698pt too wide) in paragraph at lines 103--103
[]  []\OT1/cmtt/m/n/10 plotMeanPi0[][](pi0, pi0Lin.MeansVars, pi0hatLin.ScottMe
an,[] []tme[][]=tme)[][] 
 []


Overfull \hbox (123.98204pt too wide) in paragraph at lines 104--104
[]  []\OT1/cmtt/m/n/10 legend[][]([][]"topright"[][],[] []inset[][]=[][]c[][]([
][]-[][]0.71[][],[][]0[][]),[][]\OT1/cmtt/m/it/10 ##x=-0.2, y=0.45,##"bottomrig
ht", ##x=-100, y=0.3, [][] 
 []


Overfull \hbox (1.49698pt too wide) in paragraph at lines 117--117
[]  []\OT1/cmtt/m/n/10 plotMeanPi0[][](pi0, pi0Spl.MeansVars, pi0hatSpl.ScottMe
an,[] []tme[][]=tme)[][] 
 []


Overfull \hbox (123.98204pt too wide) in paragraph at lines 118--118
[]  []\OT1/cmtt/m/n/10 legend[][]([][]"topright"[][],[] []inset[][]=[][]c[][]([
][]-[][]0.71[][],[][]0[][]),[][]\OT1/cmtt/m/it/10 ##x=-0.2, y=0.45,##"bottomrig
ht", ##x=-100, y=0.3, [][] 
 []


Overfull \hbox (43.49661pt too wide) in paragraph at lines 120--120
[]                  []\OT1/cmtt/m/n/10 expression[][]([][]paste[][]([][]"B-spli
nes, 3 df ("[][], lambda,[] []"=0.8)"[][])),[][] 
 []


Overfull \hbox (43.49661pt too wide) in paragraph at lines 121--121
[]                  []\OT1/cmtt/m/n/10 expression[][]([][]paste[][]([][]"B-spli
nes, 3 df ("[][], lambda,[] []"=0.9)"[][])),[][] 
 []


Overfull \hbox (102.98222pt too wide) in paragraph at lines 131--131
[]    []\OT1/cmtt/m/it/10 #####################################################
############################[][] 
 []


Overfull \hbox (1.49698pt too wide) in paragraph at lines 140--140
[]  []\OT1/cmtt/m/n/10 plotMeanPi0[][](pi0, pi0Lin.MeansVars, pi0hatLin.ScottMe
an,[] []tme[][]=tme)[][] 
 []


Overfull \hbox (123.98204pt too wide) in paragraph at lines 141--141
[]  []\OT1/cmtt/m/n/10 legend[][]([][]"topright"[][],[] []inset[][]=[][]c[][]([
][]-[][]0.71[][],[][]0[][]),[][]\OT1/cmtt/m/it/10 ##x=-0.2, y=0.45,##"bottomrig
ht", ##x=-100, y=0.3, [][] 
 []


Overfull \hbox (1.49698pt too wide) in paragraph at lines 154--154
[]  []\OT1/cmtt/m/n/10 plotMeanPi0[][](pi0, pi0Spl.MeansVars, pi0hatSpl.ScottMe
an,[] []tme[][]=tme)[][] 
 []


Overfull \hbox (123.98204pt too wide) in paragraph at lines 155--155
[]  []\OT1/cmtt/m/n/10 legend[][]([][]"topright"[][],[] []inset[][]=[][]c[][]([
][]-[][]0.71[][],[][]0[][]),[][]\OT1/cmtt/m/it/10 ##x=-0.2, y=0.45,##"bottomrig
ht", ##x=-100, y=0.3, [][] 
 []


Overfull \hbox (43.49661pt too wide) in paragraph at lines 157--157
[]                  []\OT1/cmtt/m/n/10 expression[][]([][]paste[][]([][]"B-spli
nes, 3 df ("[][], lambda,[] []"=0.8)"[][])),[][] 
 []


Overfull \hbox (43.49661pt too wide) in paragraph at lines 158--158
[]                  []\OT1/cmtt/m/n/10 expression[][]([][]paste[][]([][]"B-spli
nes, 3 df ("[][], lambda,[] []"=0.9)"[][])),[][] 
 []


Overfull \hbox (108.23218pt too wide) in paragraph at lines 168--168
[]     []\OT1/cmtt/m/it/10 ####################################################
#############################[][] 
 []


Overfull \hbox (1.49698pt too wide) in paragraph at lines 177--177
[]  []\OT1/cmtt/m/n/10 plotMeanPi0[][](pi0, pi0Lin.MeansVars, pi0hatLin.ScottMe
an,[] []tme[][]=tme)[][] 
 []


Overfull \hbox (123.98204pt too wide) in paragraph at lines 178--178
[]  []\OT1/cmtt/m/n/10 legend[][]([][]"topright"[][],[] []inset[][]=[][]c[][]([
][]-[][]0.71[][],[][]0[][]),[][]\OT1/cmtt/m/it/10 ##x=-0.2, y=0.45,##"bottomrig
ht", ##x=-100, y=0.3, [][] 
 []


Overfull \hbox (1.49698pt too wide) in paragraph at lines 191--191
[]  []\OT1/cmtt/m/n/10 plotMeanPi0[][](pi0, pi0Spl.MeansVars, pi0hatSpl.ScottMe
an,[] []tme[][]=tme)[][] 
 []


Overfull \hbox (123.98204pt too wide) in paragraph at lines 192--192
[]  []\OT1/cmtt/m/n/10 legend[][]([][]"topright"[][],[] []inset[][]=[][]c[][]([
][]-[][]0.71[][],[][]0[][]),[][]\OT1/cmtt/m/it/10 ##x=-0.2, y=0.45,##"bottomrig
ht", ##x=-100, y=0.3, [][] 
 []


Overfull \hbox (43.49661pt too wide) in paragraph at lines 194--194
[]                  []\OT1/cmtt/m/n/10 expression[][]([][]paste[][]([][]"B-spli
nes, 3 df ("[][], lambda,[] []"=0.8)"[][])),[][] 
 []


Overfull \hbox (43.49661pt too wide) in paragraph at lines 195--195
[]                  []\OT1/cmtt/m/n/10 expression[][]([][]paste[][]([][]"B-spli
nes, 3 df ("[][], lambda,[] []"=0.9)"[][])),[][] 
 []


Overfull \vbox (0.8777pt too high) detected at line 218
 []

[1

{C:/Users/smb310/AppData/Local/MiKTeX/2.9/pdftex/config/pdftex.map}]
Underfull \vbox (badness 10000) detected at line 218
 []


Underfull \vbox (badness 10000) detected at line 218
 []

[2]
Underfull \vbox (badness 10000) detected at line 218
 []


Underfull \vbox (badness 10000) detected at line 218
 []

[3] <Figures/unnamed-chunk-1-1.pdf, id=15, 505.89pt x 505.89pt>
File: Figures/unnamed-chunk-1-1.pdf Graphic file (type pdf)

<use Figures/unnamed-chunk-1-1.pdf>
Package pdftex.def Info: Figures/unnamed-chunk-1-1.pdf used on input line 220.
(pdftex.def)             Requested size: 345.0pt x 345.00414pt.

<Figures/unnamed-chunk-1-2.pdf, id=16, 505.89pt x 505.89pt>
File: Figures/unnamed-chunk-1-2.pdf Graphic file (type pdf)

<use Figures/unnamed-chunk-1-2.pdf>
Package pdftex.def Info: Figures/unnamed-chunk-1-2.pdf used on input line 221.
(pdftex.def)             Requested size: 345.0pt x 345.00414pt.

<Figures/unnamed-chunk-1-3.pdf, id=17, 505.89pt x 505.89pt>
File: Figures/unnamed-chunk-1-3.pdf Graphic file (type pdf)

<use Figures/unnamed-chunk-1-3.pdf>
Package pdftex.def Info: Figures/unnamed-chunk-1-3.pdf used on input line 222.
(pdftex.def)             Requested size: 345.0pt x 345.00414pt.

<Figures/unnamed-chunk-1-4.pdf, id=18, 505.89pt x 505.89pt>
File: Figures/unnamed-chunk-1-4.pdf Graphic file (type pdf)

<use Figures/unnamed-chunk-1-4.pdf>
Package pdftex.def Info: Figures/unnamed-chunk-1-4.pdf used on input line 223.
(pdftex.def)             Requested size: 345.0pt x 345.00414pt.

<Figures/unnamed-chunk-1-5.pdf, id=19, 505.89pt x 505.89pt>
File: Figures/unnamed-chunk-1-5.pdf Graphic file (type pdf)

<use Figures/unnamed-chunk-1-5.pdf>
Package pdftex.def Info: Figures/unnamed-chunk-1-5.pdf used on input line 224.
(pdftex.def)             Requested size: 345.0pt x 345.00414pt.

<Figures/unnamed-chunk-1-6.pdf, id=20, 505.89pt x 505.89pt>
File: Figures/unnamed-chunk-1-6.pdf Graphic file (type pdf)

<use Figures/unnamed-chunk-1-6.pdf>
Package pdftex.def Info: Figures/unnamed-chunk-1-6.pdf used on input line 225.
(pdftex.def)             Requested size: 345.0pt x 345.00414pt.

<Figures/unnamed-chunk-1-7.pdf, id=21, 505.89pt x 505.89pt>
File: Figures/unnamed-chunk-1-7.pdf Graphic file (type pdf)

<use Figures/unnamed-chunk-1-7.pdf>
Package pdftex.def Info: Figures/unnamed-chunk-1-7.pdf used on input line 226.
(pdftex.def)             Requested size: 345.0pt x 345.00414pt.

<Figures/unnamed-chunk-1-8.pdf, id=22, 505.89pt x 505.89pt>
File: Figures/unnamed-chunk-1-8.pdf Graphic file (type pdf)

<use Figures/unnamed-chunk-1-8.pdf>
Package pdftex.def Info: Figures/unnamed-chunk-1-8.pdf used on input line 227.
(pdftex.def)             Requested size: 345.0pt x 345.00414pt.

<Figures/unnamed-chunk-1-9.pdf, id=23, 505.89pt x 505.89pt>
File: Figures/unnamed-chunk-1-9.pdf Graphic file (type pdf)

<use Figures/unnamed-chunk-1-9.pdf>
Package pdftex.def Info: Figures/unnamed-chunk-1-9.pdf used on input line 228.
(pdftex.def)             Requested size: 345.0pt x 345.00414pt.

<Figures/unnamed-chunk-1-10.pdf, id=24, 505.89pt x 505.89pt>
File: Figures/unnamed-chunk-1-10.pdf Graphic file (type pdf)

<use Figures/unnamed-chunk-1-10.pdf>
Package pdftex.def Info: Figures/unnamed-chunk-1-10.pdf used on input line 229.

(pdftex.def)             Requested size: 345.0pt x 345.00414pt.

<Figures/unnamed-chunk-1-11.pdf, id=25, 505.89pt x 505.89pt>
File: Figures/unnamed-chunk-1-11.pdf Graphic file (type pdf)

<use Figures/unnamed-chunk-1-11.pdf>
Package pdftex.def Info: Figures/unnamed-chunk-1-11.pdf used on input line 230.

(pdftex.def)             Requested size: 345.0pt x 345.00414pt.

<Figures/unnamed-chunk-1-12.pdf, id=26, 505.89pt x 505.89pt>
File: Figures/unnamed-chunk-1-12.pdf Graphic file (type pdf)

<use Figures/unnamed-chunk-1-12.pdf>
Package pdftex.def Info: Figures/unnamed-chunk-1-12.pdf used on input line 231.

(pdftex.def)             Requested size: 345.0pt x 345.00414pt.

<Figures/unnamed-chunk-1-13.pdf, id=27, 505.89pt x 505.89pt>
File: Figures/unnamed-chunk-1-13.pdf Graphic file (type pdf)

<use Figures/unnamed-chunk-1-13.pdf>
Package pdftex.def Info: Figures/unnamed-chunk-1-13.pdf used on input line 232.

(pdftex.def)             Requested size: 345.0pt x 345.00414pt.

<Figures/unnamed-chunk-1-14.pdf, id=28, 505.89pt x 505.89pt>
File: Figures/unnamed-chunk-1-14.pdf Graphic file (type pdf)

<use Figures/unnamed-chunk-1-14.pdf>
Package pdftex.def Info: Figures/unnamed-chunk-1-14.pdf used on input line 233.

(pdftex.def)             Requested size: 345.0pt x 345.00414pt.
 [4 <C:/Users/smb310/Documents/Research/FDR regression/Simulations - independen
t - revision/Figures/unnamed-chunk-1-1.pdf>] [5 <C:/Users/smb310/Documents/Rese
arch/FDR regression/Simulations - independent - revision/Figures/unnamed-chunk-
1-2.pdf>] [6 <C:/Users/smb310/Documents/Research/FDR regression/Simulations - i
ndependent - revision/Figures/unnamed-chunk-1-3.pdf>] [7 <C:/Users/smb310/Docum
ents/Research/FDR regression/Simulations - independent - revision/Figures/unnam
ed-chunk-1-4.pdf>] [8 <C:/Users/smb310/Documents/Research/FDR regression/Simula
tions - independent - revision/Figures/unnamed-chunk-1-5.pdf>] [9 <C:/Users/smb
310/Documents/Research/FDR regression/Simulations - independent - revision/Figu
res/unnamed-chunk-1-6.pdf>] [10 <C:/Users/smb310/Documents/Research/FDR regress
ion/Simulations - independent - revision/Figures/unnamed-chunk-1-7.pdf>] [11 <C
:/Users/smb310/Documents/Research/FDR regression/Simulations - independent - re
vision/Figures/unnamed-chunk-1-8.pdf>]
[12 <C:/Users/smb310/Documents/Research/FDR regression/Simulations - independen
t - revision/Figures/unnamed-chunk-1-9.pdf>] [13 <C:/Users/smb310/Documents/Res
earch/FDR regression/Simulations - independent - revision/Figures/unnamed-chunk
-1-10.pdf>] [14 <C:/Users/smb310/Documents/Research/FDR regression/Simulations 
- independent - revision/Figures/unnamed-chunk-1-11.pdf>] [15 <C:/Users/smb310/
Documents/Research/FDR regression/Simulations - independent - revision/Figures/
unnamed-chunk-1-12.pdf>] [16 <C:/Users/smb310/Documents/Research/FDR regression
/Simulations - independent - revision/Figures/unnamed-chunk-1-13.pdf>]
Package color Info: Redefining color shadecolor on input line 247.
 [17 <C:/Users/smb310/Documents/Research/FDR regression/Simulations - independe
nt - revision/Figures/unnamed-chunk-1-14.pdf>] [18]
("C:\Users\smb310\Documents\Research\FDR regression\Simulations - independent -
 revision\6.make_Figure_comparing_means.aux") ) 
Here is how much of TeX's memory you used:
 1335 strings out of 493921
 19959 string characters out of 3144873
 122829 words of memory out of 3000000
 4644 multiletter control sequences out of 15000+200000
 3976 words of font info for 16 fonts, out of 3000000 for 9000
 841 hyphenation exceptions out of 8191
 27i,6n,19p,321b,276s stack positions out of 5000i,500n,10000p,200000b,50000s
<C:/Program Files (x86)/MiKTeX 2
.9/fonts/type1/public/amsfonts/cm/cmitt10.pfb><C:/Program Files (x86)/MiKTeX 2.
9/fonts/type1/public/amsfonts/cm/cmr10.pfb><C:/Program Files (x86)/MiKTeX 2.9/f
onts/type1/public/amsfonts/cm/cmsy10.pfb><C:/Program Files (x86)/MiKTeX 2.9/fon
ts/type1/public/amsfonts/cm/cmtt10.pfb>
Output written on 6.make_Figure_comparing_means.pdf (18 pages, 461700 bytes).
PDF statistics:
 174 PDF objects out of 1000 (max. 8388607)
 0 named destinations out of 1000 (max. 500000)
 71 words of extra memory for PDF output out of 10000 (max. 10000000)

